C51 COMPILER V9.54   MAIN                                                                  10/30/2021 11:45:16 PAGE 1   


C51 COMPILER V9.54, COMPILATION OF MODULE MAIN
OBJECT MODULE PLACED IN .\Objects\main.obj
COMPILER INVOKED BY: C:\xuexigongju\keil\C51\BIN\C51.EXE main.c OPTIMIZE(8,SPEED) BROWSE DEBUG OBJECTEXTEND PRINT(.\List
                    -ings\main.lst) OBJECT(.\Objects\main.obj)

line level    source

   1          #include "STC8.h"
   2          #include "oled.h"
   3          #include "codetab.h"
   4          #include "mpu6050.h"
   5          
   6          /*
   7          通过OLED显示出来单片机读取出来的MPU6050的数据
   8          OLED:   IIC协议
   9                  SCL --->P10
  10                  SDA --->P11
  11          MPU6050:        IIC协议
  12                  SCL --->P00
  13                  SDA --->P01
  14          */
  15          
  16          void main(void)
  17          {
  18   1              InitMPU6050();  //MPU6050初始化 
  19   1              OLED_Init();    //oled初始化
  20   1              OLED_CLS();
  21   1              OLED_P8x16Str(0,0,"Gyro_X:");
  22   1              OLED_P8x16Str(0,2,"Gyro_Y:");
  23   1              OLED_P8x16Str(0,4,"Acc_X:");
  24   1              OLED_P8x16Str(0,6,"Acc_Y:");
  25   1              while(1)
  26   1              {
  27   2                      Read_Mpu6050(); //读取mpu6050数据
  28   2                      
  29   2                      OLED_ShowNum(56,0,MPU6050_Data.Gyro_X,4);       //显示X轴方向上的角速度值
  30   2                      OLED_ShowNum(56,2,MPU6050_Data.Gyro_Y,4);       //显示Y轴方向上的角速度值
  31   2                      OLED_ShowNum(48,4,MPU6050_Data.Acc_X,4);        //显示X轴方向的加速度
  32   2                      OLED_ShowNum(48,6,MPU6050_Data.Acc_Y,4);        //显示Y轴方向上的加速度
  33   2              }
  34   1      }
  35          
  36          


MODULE INFORMATION:   STATIC OVERLAYABLE
   CODE SIZE        =    121    ----
   CONSTANT SIZE    =     30    ----
   XDATA SIZE       =   ----    ----
   PDATA SIZE       =   ----    ----
   DATA SIZE        =   ----    ----
   IDATA SIZE       =   ----    ----
   BIT SIZE         =   ----    ----
END OF MODULE INFORMATION.


C51 COMPILATION COMPLETE.  0 WARNING(S),  0 ERROR(S)
