C51 COMPILER V9.54   MPU6050                                                               10/30/2021 11:53:44 PAGE 1   


C51 COMPILER V9.54, COMPILATION OF MODULE MPU6050
OBJECT MODULE PLACED IN .\Objects\mpu6050.obj
COMPILER INVOKED BY: C:\xuexigongju\keil\C51\BIN\C51.EXE mpu6050.c OPTIMIZE(8,SPEED) BROWSE DEBUG OBJECTEXTEND PRINT(.\L
                    -istings\mpu6050.lst) OBJECT(.\Objects\mpu6050.obj)

line level    source

   1          #include "mpu6050.h"
   2          #include "my_IIC2.h"
   3          #include "oled.h"
   4          void Single_WriteIIC_2(unsigned char PC_Address,unsigned char REG_Address,unsigned char REG_data)
   5          {
   6   1              IIC2_Start();                           //起始信号
   7   1              IIC2_SendByte(PC_Address);      //发送设备地址+写信号
   8   1              IIC2_SendByte(REG_Address);     //内部寄存器地址
   9   1              IIC2_SendByte(REG_data);        //内部寄存器数据
  10   1              IIC2_Stop();                            //发送停止信号
  11   1      }
  12          
  13          unsigned char Single_ReadIIC_2(unsigned char PC_Address,unsigned char REG_Address)
  14          {
  15   1              unsigned char REG_data;
  16   1              IIC2_Start();                           //起始信号
  17   1              IIC2_SendByte(PC_Address);      //发送设备地址+写信号
  18   1              IIC2_SendByte(REG_Address);     //内部寄存器地址
  19   1              IIC2_Start();                           //起始信号
  20   1              IIC2_SendByte(PC_Address+1);    //发送设备地址+读信号
  21   1              REG_data = IIC2_RecvByte();
  22   1              IIC2_SendACK(1);                        //接收应答信号
  23   1              IIC2_Stop();                            //发送停止信号
  24   1              return REG_data;
  25   1      }
  26          
  27          //******************************************************************************************************
  28          //初始化MPU6050
  29          //******************************************************************************************************
  30          void InitMPU6050()
  31          {
  32   1              Single_WriteIIC_2(SlaveAddress,SMPLRT_DIV, 0x07);       //设置陀螺仪采样率为125hz
  33   1              Single_WriteIIC_2(SlaveAddress,PWR_MGMT_1, 0x00);       //解除休眠状态
  34   1              Single_WriteIIC_2(SlaveAddress,CONFIG, 0x06);                   //设置低通滤波频率为5hz
  35   1              Single_WriteIIC_2(SlaveAddress,GYRO_CONFIG, 0x18);
  36   1              Single_WriteIIC_2(SlaveAddress,ACCEL_CONFIG, 0x01);
  37   1      }
  38          
  39          /******************
  40          读取mpu6050数据
  41          *****************/
  42          _MPU6050_Data MPU6050_Data;
  43          void Read_Mpu6050(void)
  44          {
  45   1              unsigned char buffer[14];
  46   1              unsigned char i;
  47   1              for(i = 0;i < 14;i++)
  48   1              {
  49   2                      buffer[i] = Single_ReadIIC_2(SlaveAddress,ACCEL_XOUT_H+i);      //读取mpu6050中的数据
  50   2              }
  51   1              MPU6050_Data.Acc_X = buffer[0]<<8 | buffer[1];
  52   1              MPU6050_Data.Acc_Y = buffer[2]<<8 | buffer[3];
  53   1              MPU6050_Data.Acc_Z = buffer[4]<<8 | buffer[5];
  54   1              MPU6050_Data.Temp  = (21 + (buffer[6]<<8 | buffer[7]) / 333.87);
C51 COMPILER V9.54   MPU6050                                                               10/30/2021 11:53:44 PAGE 2   

  55   1              MPU6050_Data.Gyro_X = buffer[8]<<8 | buffer[9];
  56   1              MPU6050_Data.Gyro_Y = buffer[10]<<8 | buffer[11];
  57   1              MPU6050_Data.Gyro_Z = buffer[12]<<12 | buffer[13];
  58   1      
  59   1      }


MODULE INFORMATION:   STATIC OVERLAYABLE
   CODE SIZE        =    233    ----
   CONSTANT SIZE    =   ----    ----
   XDATA SIZE       =   ----    ----
   PDATA SIZE       =   ----    ----
   DATA SIZE        =     14      21
   IDATA SIZE       =   ----    ----
   BIT SIZE         =   ----    ----
END OF MODULE INFORMATION.


C51 COMPILATION COMPLETE.  0 WARNING(S),  0 ERROR(S)
