C51 COMPILER V9.54   PWM                                                                   10/16/2021 22:35:11 PAGE 1   


C51 COMPILER V9.54, COMPILATION OF MODULE PWM
OBJECT MODULE PLACED IN .\Objects\PWM.obj
COMPILER INVOKED BY: C:\xuexigongju\keil\C51\BIN\C51.EXE PWM.c OPTIMIZE(8,SPEED) BROWSE DEBUG OBJECTEXTEND PRINT(.\Listi
                    -ngs\PWM.lst) TABS(2) OBJECT(.\Objects\PWM.obj)

line level    source

   1          #include "STC8.h"
   2          /*
   3          测试工作频率在24M
   4          
   5          CPA0 -> P17
   6          CPA1 -> P16
   7          CPA2 -> P15
   8          CPA3 -> P14
   9          
  10          */
  11          
  12          void main(void)
  13          {
  14   1        CCON = 0X00;
  15   1        CMOD = 0X08;    //PCA时钟为系统时钟24M
  16   1        CL = 0X00;      //技术器初值设为0
  17   1        CH = 0X00;
  18   1        
  19   1        /*CPA 模块0*/
  20   1        CCAPM0 = 0X42;  //允许CPA模块0的比较功能  允许PCA模块0的脉冲调制输出功能
  21   1        PCA_PWM0 = 0X80;  //设置PCA模块0输出6位PWM
  22   1        CCAP0L = 0X20;    //比较值   PWM占空比为50%  过程（40H-20H）/40H
  23   1        CCAP0H = 0X20;    //重装载值  pwm更新时将值重新装载给比较值
  24   1        
  25   1        /*CPA 模块1*/
  26   1        CCAPM1 = 0X42;  //允许CPA模块1的比较功能  允许PCA模块1的脉冲调制输出功能
  27   1        PCA_PWM1 = 0X40;  //设置PCA模块1输出7位PWM
  28   1        CCAP1L = 0X20;    //比较值   PWM占空比为50%  过程（80H-20H）/80H
  29   1        CCAP1H = 0X20;    //重装载值  pwm更新时将值重新装载给比较值
  30   1        
  31   1        /*CPA 模块2*/
  32   1        CCAPM2 = 0X42;  //允许CPA模块2的比较功能  允许PCA模块2的脉冲调制输出功能
  33   1        PCA_PWM2 = 0X00;  //设置PCA模块2输出8位PWM
  34   1        CCAP2L = 0X20;    //比较值   PWM占空比为50%  过程（100H-20H）/100H
  35   1        CCAP2H = 0X20;    //重装载值  pwm更新时将值重新装载给比较值
  36   1        
  37   1        /*CPA 模块3*/
  38   1        CCAPM3 = 0X42;  //允许CPA模块3的比较功能  允许PCA模块3的脉冲调制输出功能
  39   1        PCA_PWM3 = 0Xc0;  //设置PCA模块3输出10位PWM
  40   1        CCAP3L = 0X20;    //比较值   PWM占空比为50%  过程（400H-20H）/400H
  41   1        CCAP3H = 0X20;    //重装载值  pwm更新时将值重新装载给比较值
  42   1        
  43   1        CR = 1;   //开始计数
  44   1        while(1);
  45   1      }
  46          


MODULE INFORMATION:   STATIC OVERLAYABLE
   CODE SIZE        =     61    ----
   CONSTANT SIZE    =   ----    ----
   XDATA SIZE       =   ----    ----
   PDATA SIZE       =   ----    ----
   DATA SIZE        =   ----    ----
C51 COMPILER V9.54   PWM                                                                   10/16/2021 22:35:11 PAGE 2   

   IDATA SIZE       =   ----    ----
   BIT SIZE         =   ----    ----
END OF MODULE INFORMATION.


C51 COMPILATION COMPLETE.  0 WARNING(S),  0 ERROR(S)
