C51 COMPILER V9.54   MIAN                                                                  10/18/2021 13:49:34 PAGE 1   


C51 COMPILER V9.54, COMPILATION OF MODULE MIAN
OBJECT MODULE PLACED IN .\Objects\mian.obj
COMPILER INVOKED BY: C:\xuexigongju\keil\C51\BIN\C51.EXE mian.c OPTIMIZE(8,SPEED) BROWSE DEBUG OBJECTEXTEND PRINT(.\List
                    -ings\mian.lst) OBJECT(.\Objects\mian.obj)

line level    source

   1          #include "STC8.h"
   2          /*
   3          单片机执行频率为24M
   4          8个通道均输出1khz
   5          占空比从10%~80%
   6          */
   7          
   8          
   9          void main(void)
  10          {
  11   1              P_SW2 = 0X80;           //必须设置
  12   1              
  13   1              PWMCKS = 0X00;          //PWM时钟为系统时钟
  14   1              PWMC = 24000-1;         //设置PWM周期为24000个PWM时钟   注意此寄存器为15位      pwm频率 = 系统工作频率24M/（PWMC+1）
  15   1              //PWM0    P2.0  10%占空比
  16   1              PWM0T1 = 0;     //在计数值为0地方输出低电平
  17   1              PWM0T2 = ((24000-1)-((24000-1)*0.1));   //在计数值为19200地方输出高电平
  18   1              PWM0CR = 0X80;          //使能PWM0输出
  19   1              //PWM1  P2.1    20%占空比
  20   1              PWM1T1 = 0;     //在计数值为0地方输出低电平
  21   1              PWM1T2 = ((24000-1)-((24000-1)*0.2));   //在计数值为19200地方输出高电平
  22   1              PWM1CR = 0X80;          //使能PWM1输出
  23   1              //PWM2    P2.2  30%占空比
  24   1              PWM2T1 = 0;     //在计数值为0地方输出低电平
  25   1              PWM2T2 = ((24000-1)-((24000-1)*0.3));   //在计数值为19200地方输出高电平
  26   1              PWM2CR = 0X80;          //使能PWM2输出
  27   1              //PWM3  P2.3    40%占空比
  28   1              PWM3T1 = 0;     //在计数值为0地方输出低电平
  29   1              PWM3T2 = ((24000-1)-((24000-1)*0.4));   //在计数值为19200地方输出高电平
  30   1              PWM3CR = 0X80;          //使能PWM3输出
  31   1              //PWM4    P2.4  50%占空比
  32   1              PWM4T1 = 0;     //在计数值为0地方输出低电平
  33   1              PWM4T2 = ((24000-1)-((24000-1)*0.5));   //在计数值为19200地方输出高电平
  34   1              PWM4CR = 0X80;          //使能PWM4输出
  35   1              //PWM5  P2.5    60%占空比
  36   1              PWM5T1 = 0;     //在计数值为0地方输出低电平
  37   1              PWM5T2 = ((24000-1)-((24000-1)*0.6));   //在计数值为19200地方输出高电平
  38   1              PWM5CR = 0X80;          //使能PWM5输出
  39   1              //PWM6    P2.6  70%占空比
  40   1              PWM6T1 = 0;     //在计数值为0地方输出低电平
  41   1              PWM6T2 = ((24000-1)-((24000-1)*0.7));   //在计数值为19200地方输出高电平
  42   1              PWM6CR = 0X80;          //使能PWM6输出
  43   1              //PWM7  P2.7    80%占空比
  44   1              PWM7T1 = 0;     //在计数值为0地方输出低电平
  45   1              PWM7T2 = ((24000-1)-((24000-1)*0.8));   //在计数值为19200地方输出高电平
  46   1              PWM7CR = 0X80;          //使能PWM7输出
  47   1              
  48   1              P_SW2 = 0X00;
  49   1              
  50   1              //在使能PWM中此程序语句必须放在最后，具体原因请看手册547页
  51   1              PWMCR = 0X80;           //      启动PWM模块
  52   1              
  53   1              while(1);
  54   1      }
C51 COMPILER V9.54   MIAN                                                                  10/18/2021 13:49:34 PAGE 2   

  55          
  56          


MODULE INFORMATION:   STATIC OVERLAYABLE
   CODE SIZE        =    177    ----
   CONSTANT SIZE    =   ----    ----
   XDATA SIZE       =   ----    ----
   PDATA SIZE       =   ----    ----
   DATA SIZE        =   ----    ----
   IDATA SIZE       =   ----    ----
   BIT SIZE         =   ----    ----
END OF MODULE INFORMATION.


C51 COMPILATION COMPLETE.  0 WARNING(S),  0 ERROR(S)
