C51 COMPILER V9.54   MIAN                                                                  10/18/2021 18:39:18 PAGE 1   


C51 COMPILER V9.54, COMPILATION OF MODULE MIAN
OBJECT MODULE PLACED IN .\Objects\mian.obj
COMPILER INVOKED BY: C:\xuexigongju\keil\C51\BIN\C51.EXE mian.c OPTIMIZE(8,SPEED) BROWSE DEBUG OBJECTEXTEND PRINT(.\List
                    -ings\mian.lst) OBJECT(.\Objects\mian.obj)

line level    source

   1          #include "STC8.h"
   2          #include "intrins.h"
   3          
   4          /*
   5          呼吸灯
   6          单片机执行频率为24M
   7          */
   8          
   9          void main(void)
  10          {
  11   1              P_SW2 = 0X80;
  12   1              PWMCKS = 0X00;  //设置PWM时钟为系统时钟
  13   1              PWMC = 6000-1;  //设置PWM周期
  14   1              //PWM0输出
  15   1              PWM0T1 = 0;
  16   1              PWM0T2 = 1;
  17   1              PWM0CR = 0X80;  //使能PWM0输出
  18   1              P_SW2 = 0X00;
  19   1              
  20   1              PWMCR = 0XC0;   //启动pwm模块
  21   1              EA = 1;
  22   1              while(1);
  23   1      }
  24          
  25          void PWM_Isr(void) interrupt 22
  26          {
  27   1              static bit dir = 1;
  28   1              static int val = 0;
  29   1              
  30   1              if(PWMCFG & 0X80)
  31   1              {
  32   2                      PWMCFG &= ~0X80;        //清中断标志
  33   2                      if(dir)
  34   2                      {
  35   3                              val++;
  36   3                              if(val >= (6000-1))
  37   3                                      dir = 0;
  38   3                      }
  39   2                      else
  40   2                      {
  41   3                              val--;
  42   3                              if(val <= 1)
  43   3                                      dir = 1;
  44   3                      }
  45   2                      P_SW2 |= 0X80;
  46   2                      PWM0T2 = val;
  47   2                      P_SW2 &= ~0X80;
  48   2              }
  49   1      }
  50          
  51          


MODULE INFORMATION:   STATIC OVERLAYABLE
C51 COMPILER V9.54   MIAN                                                                  10/18/2021 18:39:18 PAGE 2   

   CODE SIZE        =    134    ----
   CONSTANT SIZE    =   ----    ----
   XDATA SIZE       =   ----    ----
   PDATA SIZE       =   ----    ----
   DATA SIZE        =      2    ----
   IDATA SIZE       =   ----    ----
   BIT SIZE         =      1    ----
END OF MODULE INFORMATION.


C51 COMPILATION COMPLETE.  0 WARNING(S),  0 ERROR(S)
