C51 COMPILER V9.54   CODETAB                                                               10/19/2021 17:57:21 PAGE 1   


C51 COMPILER V9.54, COMPILATION OF MODULE CODETAB
OBJECT MODULE PLACED IN .\Objects\codetab.obj
COMPILER INVOKED BY: C:\xuexigongju\keil\C51\BIN\C51.EXE codetab.c OPTIMIZE(8,SPEED) BROWSE DEBUG OBJECTEXTEND PRINT(.\L
                    -istings\codetab.lst) OBJECT(.\Objects\codetab.obj)

line level    source

   1          #include "codetab.h"
   2          
   3          
   4          /****************************************8*16的点阵************************************/
   5          const unsigned char code F8X16[]=         
   6          {
   7            0x00,0x00,0x00,0x00,0x00,0x00,0x00,0x00,0x00,0x00,0x00,0x00,0x00,0x00,0x00,0x00,// 0
   8            0x00,0x00,0x00,0xF8,0x00,0x00,0x00,0x00,0x00,0x00,0x00,0x33,0x30,0x00,0x00,0x00,//! 1
   9            0x00,0x10,0x0C,0x06,0x10,0x0C,0x06,0x00,0x00,0x00,0x00,0x00,0x00,0x00,0x00,0x00,//" 2
  10            0x40,0xC0,0x78,0x40,0xC0,0x78,0x40,0x00,0x04,0x3F,0x04,0x04,0x3F,0x04,0x04,0x00,//# 3
  11            0x00,0x70,0x88,0xFC,0x08,0x30,0x00,0x00,0x00,0x18,0x20,0xFF,0x21,0x1E,0x00,0x00,//$ 4
  12            0xF0,0x08,0xF0,0x00,0xE0,0x18,0x00,0x00,0x00,0x21,0x1C,0x03,0x1E,0x21,0x1E,0x00,//% 5
  13            0x00,0xF0,0x08,0x88,0x70,0x00,0x00,0x00,0x1E,0x21,0x23,0x24,0x19,0x27,0x21,0x10,//& 6
  14            0x10,0x16,0x0E,0x00,0x00,0x00,0x00,0x00,0x00,0x00,0x00,0x00,0x00,0x00,0x00,0x00,//' 7
  15            0x00,0x00,0x00,0xE0,0x18,0x04,0x02,0x00,0x00,0x00,0x00,0x07,0x18,0x20,0x40,0x00,//( 8
  16            0x00,0x02,0x04,0x18,0xE0,0x00,0x00,0x00,0x00,0x40,0x20,0x18,0x07,0x00,0x00,0x00,//) 9
  17            0x40,0x40,0x80,0xF0,0x80,0x40,0x40,0x00,0x02,0x02,0x01,0x0F,0x01,0x02,0x02,0x00,//* 10
  18            0x00,0x00,0x00,0xF0,0x00,0x00,0x00,0x00,0x01,0x01,0x01,0x1F,0x01,0x01,0x01,0x00,//+ 11
  19            0x00,0x00,0x00,0x00,0x00,0x00,0x00,0x00,0x80,0xB0,0x70,0x00,0x00,0x00,0x00,0x00,//, 12
  20            0x00,0x00,0x00,0x00,0x00,0x00,0x00,0x00,0x00,0x01,0x01,0x01,0x01,0x01,0x01,0x01,//- 13
  21            0x00,0x00,0x00,0x00,0x00,0x00,0x00,0x00,0x00,0x30,0x30,0x00,0x00,0x00,0x00,0x00,//. 14
  22            0x00,0x00,0x00,0x00,0x80,0x60,0x18,0x04,0x00,0x60,0x18,0x06,0x01,0x00,0x00,0x00,/// 15
  23            0x00,0xF0,0x18,0x08,0x08,0x18,0xE0,0x00,0x00,0x0F,0x10,0x20,0x30,0x18,0x0F,0x00,//0 16
  24                  0x00,0x60,0x20,0xF0,0xF8,0x00,0x00,0x00,0x00,0x00,0x00,0x3F,0x3F,0x00,0x00,0x00,//1 17
  25                  0x00,0x30,0x18,0x08,0x08,0xD8,0x70,0x00,0x00,0x30,0x38,0x34,0x33,0x31,0x30,0x00,//2 18
  26                  0x00,0x30,0x18,0x08,0x88,0xD8,0x70,0x00,0x00,0x18,0x10,0x20,0x21,0x13,0x0E,0x00,//3 19
  27                  0x00,0x00,0x80,0x60,0x30,0xF8,0x00,0x00,0x04,0x07,0x05,0x04,0x04,0x3F,0x04,0x04,//4 20
  28                  0x00,0xF0,0x98,0xC8,0x88,0x88,0x08,0x00,0x08,0x19,0x30,0x20,0x30,0x19,0x0F,0x00,//5 21
  29                  0x00,0x80,0xC0,0xF0,0x98,0x80,0x00,0x00,0x00,0x1F,0x31,0x20,0x20,0x30,0x1F,0x06,//6 22
  30                  0x00,0x08,0x08,0x08,0x88,0xE8,0x38,0x00,0x00,0x00,0x30,0x3E,0x03,0x00,0x00,0x00,//7 23
  31                  0x00,0xF0,0x88,0x88,0x88,0xD8,0x70,0x00,0x04,0x1F,0x31,0x21,0x21,0x31,0x1E,0x00,//8 24
  32                  0xE0,0xF0,0x08,0x08,0x08,0x98,0xF0,0x00,0x00,0x01,0x23,0x3A,0x0F,0x03,0x00,0x00,//9 25
  33            0x00,0x00,0x00,0xC0,0xC0,0x00,0x00,0x00,0x00,0x00,0x00,0x30,0x30,0x00,0x00,0x00,//: 26
  34            0x00,0x00,0x00,0x80,0x00,0x00,0x00,0x00,0x00,0x00,0x80,0x60,0x00,0x00,0x00,0x00,//; 27
  35            0x00,0x00,0x80,0x40,0x20,0x10,0x08,0x00,0x00,0x01,0x02,0x04,0x08,0x10,0x20,0x00,//< 28
  36            0x40,0x40,0x40,0x40,0x40,0x40,0x40,0x00,0x04,0x04,0x04,0x04,0x04,0x04,0x04,0x00,//= 29
  37            0x00,0x08,0x10,0x20,0x40,0x80,0x00,0x00,0x00,0x20,0x10,0x08,0x04,0x02,0x01,0x00,//> 30
  38            0x00,0x70,0x48,0x08,0x08,0x08,0xF0,0x00,0x00,0x00,0x00,0x30,0x36,0x01,0x00,0x00,//? 31
  39            0xC0,0x30,0xC8,0x28,0xE8,0x10,0xE0,0x00,0x07,0x18,0x27,0x24,0x23,0x14,0x0B,0x00,//@ 32
  40            0x00,0x00,0xC0,0x38,0xE0,0x00,0x00,0x00,0x20,0x3C,0x23,0x02,0x02,0x27,0x38,0x20,//A 33
  41            0x08,0xF8,0x88,0x88,0x88,0x70,0x00,0x00,0x20,0x3F,0x20,0x20,0x20,0x11,0x0E,0x00,//B 34
  42            0xC0,0x30,0x08,0x08,0x08,0x08,0x38,0x00,0x07,0x18,0x20,0x20,0x20,0x10,0x08,0x00,//C 35
  43            0x08,0xF8,0x08,0x08,0x08,0x10,0xE0,0x00,0x20,0x3F,0x20,0x20,0x20,0x10,0x0F,0x00,//D 36
  44            0x08,0xF8,0x88,0x88,0xE8,0x08,0x10,0x00,0x20,0x3F,0x20,0x20,0x23,0x20,0x18,0x00,//E 37
  45            0x08,0xF8,0x88,0x88,0xE8,0x08,0x10,0x00,0x20,0x3F,0x20,0x00,0x03,0x00,0x00,0x00,//F 38
  46            0xC0,0x30,0x08,0x08,0x08,0x38,0x00,0x00,0x07,0x18,0x20,0x20,0x22,0x1E,0x02,0x00,//G 39
  47            0x08,0xF8,0x08,0x00,0x00,0x08,0xF8,0x08,0x20,0x3F,0x21,0x01,0x01,0x21,0x3F,0x20,//H 40
  48            0x00,0x08,0x08,0xF8,0x08,0x08,0x00,0x00,0x00,0x20,0x20,0x3F,0x20,0x20,0x00,0x00,//I 41
  49            0x00,0x00,0x08,0x08,0xF8,0x08,0x08,0x00,0xC0,0x80,0x80,0x80,0x7F,0x00,0x00,0x00,//J 42
  50            0x08,0xF8,0x88,0xC0,0x28,0x18,0x08,0x00,0x20,0x3F,0x20,0x01,0x26,0x38,0x20,0x00,//K 43
  51            0x08,0xF8,0x08,0x00,0x00,0x00,0x00,0x00,0x20,0x3F,0x20,0x20,0x20,0x20,0x30,0x00,//L 44
  52            0x08,0xF8,0xF8,0x00,0xF8,0xF8,0x08,0x00,0x20,0x3F,0x00,0x3F,0x00,0x3F,0x20,0x00,//M 45
  53            0x08,0xF8,0x30,0xC0,0x00,0x08,0xF8,0x08,0x20,0x3F,0x20,0x00,0x07,0x18,0x3F,0x00,//N 46
  54            0xE0,0x10,0x08,0x08,0x08,0x10,0xE0,0x00,0x0F,0x10,0x20,0x20,0x20,0x10,0x0F,0x00,//O 47
C51 COMPILER V9.54   CODETAB                                                               10/19/2021 17:57:21 PAGE 2   

  55            0x08,0xF8,0x08,0x08,0x08,0x08,0xF0,0x00,0x20,0x3F,0x21,0x01,0x01,0x01,0x00,0x00,//P 48
  56            0xE0,0x10,0x08,0x08,0x08,0x10,0xE0,0x00,0x0F,0x18,0x24,0x24,0x38,0x50,0x4F,0x00,//Q 49
  57            0x08,0xF8,0x88,0x88,0x88,0x88,0x70,0x00,0x20,0x3F,0x20,0x00,0x03,0x0C,0x30,0x20,//R 50
  58            0x00,0x70,0x88,0x08,0x08,0x08,0x38,0x00,0x00,0x38,0x20,0x21,0x21,0x22,0x1C,0x00,//S 51
  59            0x18,0x08,0x08,0xF8,0x08,0x08,0x18,0x00,0x00,0x00,0x20,0x3F,0x20,0x00,0x00,0x00,//T 52
  60            0x08,0xF8,0x08,0x00,0x00,0x08,0xF8,0x08,0x00,0x1F,0x20,0x20,0x20,0x20,0x1F,0x00,//U 53
  61            0x08,0x78,0x88,0x00,0x00,0xC8,0x38,0x08,0x00,0x00,0x07,0x38,0x0E,0x01,0x00,0x00,//V 54
  62            0xF8,0x08,0x00,0xF8,0x00,0x08,0xF8,0x00,0x03,0x3C,0x07,0x00,0x07,0x3C,0x03,0x00,//W 55
  63            0x08,0x18,0x68,0x80,0x80,0x68,0x18,0x08,0x20,0x30,0x2C,0x03,0x03,0x2C,0x30,0x20,//X 56
  64            0x08,0x38,0xC8,0x00,0xC8,0x38,0x08,0x00,0x00,0x00,0x20,0x3F,0x20,0x00,0x00,0x00,//Y 57
  65            0x10,0x08,0x08,0x08,0xC8,0x38,0x08,0x00,0x20,0x38,0x26,0x21,0x20,0x20,0x18,0x00,//Z 58
  66            0x00,0x00,0x00,0xFE,0x02,0x02,0x02,0x00,0x00,0x00,0x00,0x7F,0x40,0x40,0x40,0x00,//[ 59
  67            0x00,0x0C,0x30,0xC0,0x00,0x00,0x00,0x00,0x00,0x00,0x00,0x01,0x06,0x38,0xC0,0x00,//\ 60
  68            0x00,0x02,0x02,0x02,0xFE,0x00,0x00,0x00,0x00,0x40,0x40,0x40,0x7F,0x00,0x00,0x00,//] 61
  69            0x00,0x00,0x04,0x02,0x02,0x02,0x04,0x00,0x00,0x00,0x00,0x00,0x00,0x00,0x00,0x00,//^ 62
  70            0x00,0x00,0x00,0x00,0x00,0x00,0x00,0x00,0x80,0x80,0x80,0x80,0x80,0x80,0x80,0x80,//_ 63
  71            0x00,0x02,0x02,0x04,0x00,0x00,0x00,0x00,0x00,0x00,0x00,0x00,0x00,0x00,0x00,0x00,//` 64
  72            0x00,0x00,0x80,0x80,0x80,0x80,0x00,0x00,0x00,0x19,0x24,0x22,0x22,0x22,0x3F,0x20,//a 65
  73            0x08,0xF8,0x00,0x80,0x80,0x00,0x00,0x00,0x00,0x3F,0x11,0x20,0x20,0x11,0x0E,0x00,//b 66
  74            0x00,0x00,0x00,0x80,0x80,0x80,0x00,0x00,0x00,0x0E,0x11,0x20,0x20,0x20,0x11,0x00,//c 67
  75            0x00,0x00,0x00,0x80,0x80,0x88,0xF8,0x00,0x00,0x0E,0x11,0x20,0x20,0x10,0x3F,0x20,//d 68
  76            0x00,0x00,0x80,0x80,0x80,0x80,0x00,0x00,0x00,0x1F,0x22,0x22,0x22,0x22,0x13,0x00,//e 69
  77            0x00,0x80,0x80,0xF0,0x88,0x88,0x88,0x18,0x00,0x20,0x20,0x3F,0x20,0x20,0x00,0x00,//f 70
  78            0x00,0x00,0x80,0x80,0x80,0x80,0x80,0x00,0x00,0x6B,0x94,0x94,0x94,0x93,0x60,0x00,//g 71
  79            0x08,0xF8,0x00,0x80,0x80,0x80,0x00,0x00,0x20,0x3F,0x21,0x00,0x00,0x20,0x3F,0x20,//h 72
  80            0x00,0x80,0x98,0x98,0x00,0x00,0x00,0x00,0x00,0x20,0x20,0x3F,0x20,0x20,0x00,0x00,//i 73
  81            0x00,0x00,0x00,0x80,0x98,0x98,0x00,0x00,0x00,0xC0,0x80,0x80,0x80,0x7F,0x00,0x00,//j 74
  82            0x08,0xF8,0x00,0x00,0x80,0x80,0x80,0x00,0x20,0x3F,0x24,0x02,0x2D,0x30,0x20,0x00,//k 75
  83            0x00,0x08,0x08,0xF8,0x00,0x00,0x00,0x00,0x00,0x20,0x20,0x3F,0x20,0x20,0x00,0x00,//l 76
  84            0x80,0x80,0x80,0x80,0x80,0x80,0x80,0x00,0x20,0x3F,0x20,0x00,0x3F,0x20,0x00,0x3F,//m 77
  85            0x80,0x80,0x00,0x80,0x80,0x80,0x00,0x00,0x20,0x3F,0x21,0x00,0x00,0x20,0x3F,0x20,//n 78
  86            0x00,0x00,0x80,0x80,0x80,0x80,0x00,0x00,0x00,0x1F,0x20,0x20,0x20,0x20,0x1F,0x00,//o 79
  87            0x80,0x80,0x00,0x80,0x80,0x00,0x00,0x00,0x80,0xFF,0xA1,0x20,0x20,0x11,0x0E,0x00,//p 80
  88            0x00,0x00,0x00,0x80,0x80,0x80,0x80,0x00,0x00,0x0E,0x11,0x20,0x20,0xA0,0xFF,0x80,//q 81
  89            0x80,0x80,0x80,0x00,0x80,0x80,0x80,0x00,0x20,0x20,0x3F,0x21,0x20,0x00,0x01,0x00,//r 82
  90            0x00,0x00,0x80,0x80,0x80,0x80,0x80,0x00,0x00,0x33,0x24,0x24,0x24,0x24,0x19,0x00,//s 83
  91            0x00,0x80,0x80,0xE0,0x80,0x80,0x00,0x00,0x00,0x00,0x00,0x1F,0x20,0x20,0x00,0x00,//t 84
  92            0x80,0x80,0x00,0x00,0x00,0x80,0x80,0x00,0x00,0x1F,0x20,0x20,0x20,0x10,0x3F,0x20,//u 85
  93            0x80,0x80,0x80,0x00,0x00,0x80,0x80,0x80,0x00,0x01,0x0E,0x30,0x08,0x06,0x01,0x00,//v 86
  94            0x80,0x80,0x00,0x80,0x00,0x80,0x80,0x80,0x0F,0x30,0x0C,0x03,0x0C,0x30,0x0F,0x00,//w 87
  95            0x00,0x80,0x80,0x00,0x80,0x80,0x80,0x00,0x00,0x20,0x31,0x2E,0x0E,0x31,0x20,0x00,//x 88
  96            0x80,0x80,0x80,0x00,0x00,0x80,0x80,0x80,0x80,0x81,0x8E,0x70,0x18,0x06,0x01,0x00,//y 89
  97            0x00,0x80,0x80,0x80,0x80,0x80,0x80,0x00,0x00,0x21,0x30,0x2C,0x22,0x21,0x30,0x00,//z 90
  98            0x00,0x00,0x00,0x00,0x80,0x7C,0x02,0x02,0x00,0x00,0x00,0x00,0x00,0x3F,0x40,0x40,//{ 91
  99            0x00,0x00,0x00,0x00,0xFF,0x00,0x00,0x00,0x00,0x00,0x00,0x00,0xFF,0x00,0x00,0x00,//| 92
 100            0x00,0x02,0x02,0x7C,0x80,0x00,0x00,0x00,0x00,0x40,0x40,0x3F,0x00,0x00,0x00,0x00,//} 93
 101            0x00,0x06,0x01,0x01,0x02,0x02,0x04,0x04,0x00,0x00,0x00,0x00,0x00,0x00,0x00,0x00,//~ 94
 102          };
 103          //文字16*16 宋体
 104          const unsigned char code wenzi[8][32]={
 105          0x44,0x58,0xC0,0xFF,0x50,0x4C,0x80,0x40,0xB0,0x8E,0x80,0x8F,0xB0,0x40,0x80,0x00,0x08,0x06,0x01,0xFF,0x01,0
             -x06,0x80,0x40,0x30,0x0F,0x40,0x80,0x7F,0x00,0x00,0x00,/*"粉",0*/
 106          0x00,0x60,0x50,0x4C,0x43,0xC0,0x30,0x00,0x60,0x50,0x4C,0x43,0xC0,0x30,0x00,0x00,0x40,0x48,0x4C,0x4A,0x49,0
             -x48,0x48,0x40,0x48,0x4C,0x4A,0x49,0x48,0x48,0x40,0x00,/*"丝",1*/
 107          0x20,0x10,0x4C,0x47,0x54,0x54,0x54,0x54,0x54,0x54,0x54,0xD4,0x04,0x04,0x00,0x00,0x00,0x00,0x00,0x00,0x00,0
             -x00,0x00,0x00,0x00,0x00,0x00,0x0F,0x30,0x40,0xF0,0x00,/*"气",2*/
 108          0x10,0x60,0x02,0x8C,0x00,0x00,0xFE,0x92,0x92,0x92,0x92,0x92,0xFE,0x00,0x00,0x00,0x04,0x04,0x7E,0x01,0x40,0
             -x7E,0x42,0x42,0x7E,0x42,0x7E,0x42,0x42,0x7E,0x40,0x00,/*"温",3*/
 109          0x40,0x40,0x42,0x42,0x42,0x42,0x42,0xFE,0x42,0x42,0x42,0x42,0x42,0x40,0x40,0x00,0x80,0x80,0x40,0x20,0x10,0
             -x0C,0x03,0x00,0x03,0x0C,0x10,0x20,0x40,0x80,0x80,0x00,/*"天",4*/
 110          0x20,0x10,0x4C,0x47,0x54,0x54,0x54,0x54,0x54,0x54,0x54,0xD4,0x04,0x04,0x00,0x00,0x00,0x00,0x00,0x00,0x00,0
             -x00,0x00,0x00,0x00,0x00,0x00,0x0F,0x30,0x40,0xF0,0x00,/*"气",5*/
C51 COMPILER V9.54   CODETAB                                                               10/19/2021 17:57:21 PAGE 3   

 111          0x20,0x20,0x20,0xFF,0x20,0x20,0x80,0xF8,0x80,0x40,0xFF,0x20,0x10,0xF0,0x00,0x00,0x10,0x30,0x10,0x0F,0x08,0
             -x08,0x00,0x3F,0x40,0x40,0x5F,0x42,0x44,0x43,0x78,0x00,/*"地",6*/
 112          0x20,0x20,0x20,0xFF,0x20,0x20,0x00,0xF8,0x00,0x00,0xFF,0x40,0x40,0x40,0x00,0x00,0x10,0x30,0x10,0x0F,0x08,0
             -x48,0x40,0x7F,0x40,0x40,0x7F,0x40,0x40,0x40,0x40,0x00,/*"址",7*/
 113          };
 114          //bilibili  64*64
 115          const unsigned char code bilibili[]={
 116          
 117          0x00,0x00,0x00,0x00,0x00,0x00,0x00,0x00,0x00,0x00,0x00,0x00,0x00,0x00,0x00,0x00,0x0F,0x1F,0x3F,0x7F,0xFE,0
             -xFC,0xF8,0xF0,0xE0,0xC0,0x80,0x00,0x00,0x00,0x00,0x00,0x00,0x00,0x00,0x00,
 118          0x00,0x00,0x80,0xC0,0xE0,0xF0,0xF8,0xFC,0xFE,0x7F,0x3F,0x1F,0x0F,0x00,0x00,0x00,0x00,0x00,0x00,0x00,0x00,0
             -x00,0x00,0x00,0x00,0x00,0x00,0x00,0x00,0xC0,0xF0,0xF8,0xF8,0xFC,0xFC,0xFC,
 119          0xFE,0xFE,0xFE,0xFE,0xFE,0xFE,0xFE,0xFE,0xFE,0xFE,0xFE,0xFE,0xFE,0xFF,0xFF,0xFF,0xFF,0xFF,0xFF,0xFF,0xFE,0
             -xFE,0xFE,0xFE,0xFE,0xFE,0xFE,0xFE,0xFE,0xFF,0xFF,0xFF,0xFF,0xFF,0xFF,0xFF,
 120          0xFE,0xFE,0xFE,0xFE,0xFE,0xFE,0xFE,0xFE,0xFE,0xFE,0xFE,0xFE,0xFE,0xFC,0xFC,0xFC,0xF8,0xF0,0xE0,0xC0,0xFF,0
             -xFF,0xFF,0xFF,0xFF,0xFF,0xFF,0x03,0x01,0x01,0x00,0x00,0x00,0x00,0x00,0x00,
 121          0x00,0x00,0x00,0x00,0x00,0x00,0x00,0x00,0x00,0x00,0x00,0x00,0x00,0x00,0x00,0x00,0x00,0x00,0x00,0x00,0x00,0
             -x00,0x00,0x00,0x00,0x00,0x00,0x00,0x00,0x00,0x00,0x00,0x00,0x00,0x00,0x00,
 122          0x00,0x00,0x00,0x01,0x03,0x07,0xFF,0xFF,0xFF,0xFF,0xFF,0xFF,0xFF,0xFF,0xFF,0xFF,0xFF,0xFF,0xFF,0x00,0x00,0
             -x00,0x00,0x60,0xF0,0xF0,0xF0,0xF0,0xF0,0xF8,0xF8,0xF8,0xF8,0xF8,0xFC,0xFC,
 123          0xFC,0x60,0x00,0x00,0x00,0x00,0x00,0x00,0x00,0x00,0x00,0x00,0x00,0x00,0x00,0x60,0xFC,0xFC,0xFC,0xF8,0xF8,0
             -xF8,0xF8,0xF8,0xF0,0xF0,0xF0,0xF0,0xF0,0x60,0x00,0x00,0x00,0x00,0xFF,0xFF,
 124          0xFF,0xFF,0xFF,0xFF,0xFF,0xFF,0xFF,0xFF,0xFF,0xFF,0xFF,0x00,0x00,0x00,0x00,0x00,0x03,0x03,0x03,0x03,0x01,0
             -x01,0x01,0x01,0x00,0x00,0x00,0x00,0x00,0x00,0x00,0x00,0x00,0x00,0x00,0x00,
 125          0x00,0x00,0x00,0x00,0x00,0x00,0x00,0x00,0x00,0x00,0x00,0x00,0x00,0x01,0x01,0x01,0x01,0x01,0x03,0x03,0x03,0
             -x00,0x00,0x00,0x00,0x00,0xFF,0xFF,0xFF,0xFF,0xFF,0xFF,0xFF,0xFF,0xFF,0xFF,
 126          0xFF,0xFF,0xFF,0x00,0x00,0x00,0x00,0x00,0x00,0x00,0x00,0x00,0x00,0x00,0x00,0x00,0x00,0x00,0x00,0x00,0x18,0
             -x3C,0x38,0x70,0x70,0x70,0x38,0x3E,0x1F,0x3C,0x78,0x70,0x70,0x38,0x3C,0x1C,
 127          0x18,0x00,0x00,0x00,0x00,0x00,0x00,0x00,0x00,0x00,0x00,0x00,0x00,0x00,0x00,0x00,0x00,0x00,0xFF,0xFF,0xFF,0
             -xFF,0xFF,0xFF,0x7F,0xFF,0xFF,0xFF,0xFF,0xFF,0xFF,0xF0,0xE0,0xC0,0xC0,0xC0,
 128          0xC0,0xC0,0xC0,0xC0,0xC0,0xC0,0xC0,0xC0,0xC0,0xC0,0xC0,0xC0,0xC0,0xC0,0xC0,0xC0,0xC0,0xC0,0xC0,0xC0,0xC0,0
             -xC0,0xC0,0xC0,0xC0,0xC0,0xC0,0xC0,0xC0,0xC0,0xC0,0xC0,0xC0,0xC0,0xC0,0xC0,
 129          0xC0,0xC0,0xC0,0xC0,0xC0,0xC0,0xC0,0xC0,0xE0,0xF8,0xFF,0xFF,0xFF,0xFF,0xFF,0xFF,0x00,0x01,0x03,0x07,0x0F,0
             -x0F,0x1F,0x1F,0x1F,0x1F,0x1F,0x1F,0x3F,0xFF,0xFF,0xFF,0xFF,0xFF,0xFF,0x3F,
 130          0x1F,0x1F,0x1F,0x1F,0x1F,0x1F,0x1F,0x1F,0x1F,0x1F,0x1F,0x1F,0x1F,0x1F,0x1F,0x1F,0x1F,0x1F,0x1F,0x1F,0x1F,0
             -x1F,0x1F,0x1F,0x1F,0x3F,0xFF,0xFF,0xFF,0xFF,0xFF,0xFF,0x7F,0x1F,0x1F,0x1F,
 131          0x1F,0x1F,0x1F,0x0F,0x0F,0x07,0x03,0x00,/*"C:\Users\dell\Desktop\321.bmp",0*/
 132          
 133          };
 134          
 135          //time  16*32
 136          const unsigned char code time_code[]={
 137          
 138          0x00,0x00,0x00,0x00,0x00,0x00,0x00,0x00,0x00,0x00,0x00,0x00,0x00,0x00,0x00,0x00,0x00,0x00,0x00,0x00,0x00,0
             -x00,0x00,0x00,0x00,0x00,0x00,0x00,0x00,0x00,0x00,0x00,0x00,0x00,0x00,0x00,
 139          0x00,0x00,0x00,0x00,0x00,0x00,0x00,0x00,0x00,0x00,0x00,0x00,0x00,0x00,0x00,0x00,0x00,0x00,0x00,0x00,0x00,0
             -x00,0x00,0x00,0x00,0x00,0x00,0x00,/*" ",0*/
 140          0x00,0x00,0x00,0x00,0x00,0x00,0xC0,0xC0,0xC0,0xC0,0x00,0x00,0x00,0x00,0x00,0x00,0x00,0x00,0x00,0x00,0x00,0
             -x00,0x0F,0xFF,0xFF,0x1F,0x00,0x00,0x00,0x00,0x00,0x00,0x00,0x00,0x00,0x00,
 141          0x00,0x00,0x00,0x1F,0x1F,0x00,0x00,0x00,0x00,0x00,0x00,0x00,0x00,0x00,0x00,0x00,0x00,0x00,0x06,0x0F,0x0F,0
             -x06,0x00,0x00,0x00,0x00,0x00,0x00,/*"!",1*/
 142          0x00,0x00,0x00,0x80,0xE0,0x78,0x3C,0x1C,0x80,0xE0,0x78,0x3C,0x1C,0x00,0x00,0x00,0x00,0x00,0x03,0x01,0x00,0
             -x00,0x00,0x03,0x01,0x00,0x00,0x00,0x00,0x00,0x00,0x00,0x00,0x00,0x00,0x00,
 143          0x00,0x00,0x00,0x00,0x00,0x00,0x00,0x00,0x00,0x00,0x00,0x00,0x00,0x00,0x00,0x00,0x00,0x00,0x00,0x00,0x00,0
             -x00,0x00,0x00,0x00,0x00,0x00,0x00,/*""",2*/
 144          0x00,0x00,0x00,0x00,0x00,0xC0,0x00,0x00,0x00,0x00,0x00,0x00,0xC0,0x00,0x00,0x00,0x00,0x38,0x38,0x38,0xF8,0
             -x3F,0x38,0x38,0x38,0x38,0x38,0xF8,0x3F,0x38,0x38,0x00,0x00,0x70,0x70,0xF0,
 145          0xFF,0x70,0x70,0x70,0x70,0x70,0xF0,0xFF,0x70,0x70,0x70,0x00,0x00,0x00,0x00,0x0F,0x00,0x00,0x00,0x00,0x00,0
             -x00,0x0F,0x00,0x00,0x00,0x00,0x00,/*"#",3*/
 146          0x00,0x00,0x00,0x00,0x80,0x80,0x40,0xF0,0x40,0x40,0x80,0x80,0x00,0x00,0x00,0x00,0x00,0x00,0x00,0x1E,0x7F,0
             -xF0,0xC0,0xFF,0x00,0x00,0x0C,0x0F,0x0F,0x00,0x00,0x00,0x00,0x00,0xC0,0xC0,
 147          0xC0,0x00,0x01,0xFF,0x07,0x07,0x1E,0xFC,0xF0,0x00,0x00,0x00,0x00,0x00,0x03,0x07,0x04,0x08,0x08,0x7F,0x08,0
C51 COMPILER V9.54   CODETAB                                                               10/19/2021 17:57:21 PAGE 4   

             -x0C,0x06,0x03,0x01,0x00,0x00,0x00,/*"$",4*/
 148          0x00,0x80,0xC0,0x40,0xC0,0x80,0x00,0x00,0x00,0x00,0x00,0xC0,0x00,0x00,0x00,0x00,0x7E,0xFF,0x00,0x00,0x00,0
             -xFF,0x7E,0x00,0xE0,0x1C,0x03,0x00,0x00,0x00,0x00,0x00,0x00,0x01,0x03,0x02,
 149          0x83,0x61,0x1C,0x03,0xF8,0xFE,0x03,0x01,0x03,0xFE,0xF8,0x00,0x00,0x00,0x00,0x0C,0x03,0x00,0x00,0x00,0x01,0
             -x07,0x0C,0x08,0x0C,0x07,0x01,0x00,/*"%",5*/
 150          0x00,0x00,0x00,0x80,0xC0,0x40,0x40,0xC0,0x00,0x00,0x00,0x00,0x00,0x00,0x00,0x00,0x00,0x00,0x7F,0xFF,0xC0,0
             -x80,0x60,0x3F,0x0F,0x00,0x00,0x00,0x00,0x00,0x00,0x00,0xF8,0xFC,0x03,0x03,
 151          0x0F,0x3E,0x78,0xE0,0x80,0x81,0x71,0x0F,0x01,0x01,0x00,0x00,0x01,0x03,0x06,0x0C,0x08,0x08,0x08,0x05,0x03,0
             -x07,0x0E,0x0C,0x0C,0x06,0x03,0x00,/*"&",6*/
 152          0x00,0x00,0x1C,0x1C,0xFC,0x78,0x00,0x00,0x00,0x00,0x00,0x00,0x00,0x00,0x00,0x00,0x00,0x02,0x03,0x01,0x00,0
             -x00,0x00,0x00,0x00,0x00,0x00,0x00,0x00,0x00,0x00,0x00,0x00,0x00,0x00,0x00,
 153          0x00,0x00,0x00,0x00,0x00,0x00,0x00,0x00,0x00,0x00,0x00,0x00,0x00,0x00,0x00,0x00,0x00,0x00,0x00,0x00,0x00,0
             -x00,0x00,0x00,0x00,0x00,0x00,0x00,/*"'",7*/
 154          0x00,0x00,0x00,0x00,0x00,0x00,0x00,0x00,0x00,0x00,0xC0,0x60,0x30,0x08,0x04,0x00,0x00,0x00,0x00,0x00,0x00,0
             -x00,0x00,0xF0,0xFC,0x0F,0x01,0x00,0x00,0x00,0x00,0x00,0x00,0x00,0x00,0x00,
 155          0x00,0x00,0x00,0x1F,0x7F,0xE0,0x00,0x00,0x00,0x00,0x00,0x00,0x00,0x00,0x00,0x00,0x00,0x00,0x00,0x00,0x00,0
             -x01,0x07,0x0C,0x18,0x20,0x40,0x00,/*"(",8*/
 156          0x00,0x04,0x08,0x30,0x60,0xC0,0x00,0x00,0x00,0x00,0x00,0x00,0x00,0x00,0x00,0x00,0x00,0x00,0x00,0x00,0x00,0
             -x01,0x0F,0xFC,0xF0,0x00,0x00,0x00,0x00,0x00,0x00,0x00,0x00,0x00,0x00,0x00,
 157          0x00,0x00,0xE0,0xFF,0x1F,0x00,0x00,0x00,0x00,0x00,0x00,0x00,0x00,0x40,0x20,0x18,0x0C,0x07,0x01,0x00,0x00,0
             -x00,0x00,0x00,0x00,0x00,0x00,0x00,/*")",9*/
 158          0x00,0x00,0x00,0x00,0x00,0x00,0x00,0x00,0x00,0x00,0x00,0x00,0x00,0x00,0x00,0x00,0x00,0x00,0x18,0x38,0x30,0
             -x60,0x40,0x86,0xFF,0x8F,0x40,0x60,0x30,0x38,0x18,0x00,0x00,0x00,0x18,0x1C,
 159          0x0C,0x06,0x02,0xF1,0xFF,0xE1,0x02,0x06,0x0C,0x1C,0x18,0x00,0x00,0x00,0x00,0x00,0x00,0x00,0x00,0x00,0x00,0
             -x00,0x00,0x00,0x00,0x00,0x00,0x00,/*"*",10*/
 160          0x00,0x00,0x00,0x00,0x00,0x00,0x00,0x00,0x00,0x00,0x00,0x00,0x00,0x00,0x00,0x00,0x00,0x00,0x00,0x00,0x00,0
             -x00,0x00,0x00,0xFE,0x00,0x00,0x00,0x00,0x00,0x00,0x00,0x00,0x00,0x01,0x01,
 161          0x01,0x01,0x01,0x01,0xFF,0x01,0x01,0x01,0x01,0x01,0x01,0x00,0x00,0x00,0x00,0x00,0x00,0x00,0x00,0x00,0x00,0
             -x00,0x00,0x00,0x00,0x00,0x00,0x00,/*"+",11*/
 162          0x00,0x00,0x00,0x00,0x00,0x00,0x00,0x00,0x00,0x00,0x00,0x00,0x00,0x00,0x00,0x00,0x00,0x00,0x00,0x00,0x00,0
             -x00,0x00,0x00,0x00,0x00,0x00,0x00,0x00,0x00,0x00,0x00,0x00,0x00,0x00,0x00,
 163          0x00,0x00,0x00,0x00,0x00,0x00,0x00,0x00,0x00,0x00,0x00,0x00,0x00,0x80,0xC7,0x47,0x3F,0x1E,0x00,0x00,0x00,0
             -x00,0x00,0x00,0x00,0x00,0x00,0x00,/*",",12*/
 164          0x00,0x00,0x00,0x00,0x00,0x00,0x00,0x00,0x00,0x00,0x00,0x00,0x00,0x00,0x00,0x00,0x00,0x00,0x00,0x00,0x00,0
             -x00,0x00,0x00,0x00,0x00,0x00,0x00,0x00,0x00,0x00,0x00,0x00,0x01,0x01,0x01,
 165          0x01,0x01,0x01,0x01,0x01,0x01,0x01,0x01,0x01,0x01,0x01,0x00,0x00,0x00,0x00,0x00,0x00,0x00,0x00,0x00,0x00,0
             -x00,0x00,0x00,0x00,0x00,0x00,0x00,/*"-",13*/
 166          0x00,0x00,0x00,0x00,0x00,0x00,0x00,0x00,0x00,0x00,0x00,0x00,0x00,0x00,0x00,0x00,0x00,0x00,0x00,0x00,0x00,0
             -x00,0x00,0x00,0x00,0x00,0x00,0x00,0x00,0x00,0x00,0x00,0x00,0x00,0x00,0x00,
 167          0x00,0x00,0x00,0x00,0x00,0x00,0x00,0x00,0x00,0x00,0x00,0x00,0x00,0x00,0x06,0x0F,0x0F,0x06,0x00,0x00,0x00,0
             -x00,0x00,0x00,0x00,0x00,0x00,0x00,/*".",14*/
 168          0x00,0x00,0x00,0x00,0x00,0x00,0x00,0x00,0x00,0x00,0x00,0x00,0xC0,0x70,0x18,0x00,0x00,0x00,0x00,0x00,0x00,0
             -x00,0x00,0x00,0xC0,0x70,0x1C,0x07,0x01,0x00,0x00,0x00,0x00,0x00,0x00,0x00,
 169          0xC0,0x70,0x1C,0x07,0x01,0x00,0x00,0x00,0x00,0x00,0x00,0x00,0x00,0x30,0x1C,0x07,0x01,0x00,0x00,0x00,0x00,0
             -x00,0x00,0x00,0x00,0x00,0x00,0x00,/*"/",15*/
 170          0x00,0x00,0x00,0x00,0x00,0x80,0xC0,0x40,0x40,0x40,0x80,0x00,0x00,0x00,0x00,0x00,0x00,0x00,0xF0,0xFE,0x0F,0
             -x01,0x00,0x00,0x00,0x00,0x01,0x07,0xFE,0xF0,0x00,0x00,0x00,0x00,0x3F,0xFF,
 171          0xC0,0x00,0x00,0x00,0x00,0x00,0x00,0x80,0xFF,0x3F,0x00,0x00,0x00,0x00,0x00,0x01,0x03,0x06,0x0C,0x08,0x08,0
             -x08,0x06,0x03,0x01,0x00,0x00,0x00,/*"0",16*/
 172          0x00,0x00,0x00,0x00,0x00,0x00,0x00,0x80,0xC0,0x00,0x00,0x00,0x00,0x00,0x00,0x00,0x00,0x00,0x00,0x01,0x01,0
             -x01,0x01,0xFF,0xFF,0x00,0x00,0x00,0x00,0x00,0x00,0x00,0x00,0x00,0x00,0x00,
 173          0x00,0x00,0x00,0xFF,0xFF,0x00,0x00,0x00,0x00,0x00,0x00,0x00,0x00,0x00,0x00,0x08,0x08,0x08,0x0C,0x0F,0x0F,0
             -x0C,0x08,0x08,0x08,0x00,0x00,0x00,/*"1",17*/
 174          0x00,0x00,0x00,0x00,0x80,0x40,0x40,0x40,0x40,0x40,0xC0,0x80,0x80,0x00,0x00,0x00,0x00,0x00,0x1E,0x19,0x00,0
             -x00,0x00,0x00,0x00,0x00,0x00,0xC1,0xFF,0x3E,0x00,0x00,0x00,0x00,0x00,0x00,
 175          0x80,0x40,0x30,0x18,0x0C,0x06,0x03,0x01,0x00,0xC0,0x00,0x00,0x00,0x00,0x0E,0x0D,0x0C,0x0C,0x0C,0x0C,0x0C,0
             -x0C,0x0C,0x0C,0x0E,0x03,0x00,0x00,/*"2",18*/
 176          0x00,0x00,0x00,0x80,0x80,0x40,0x40,0x40,0x40,0xC0,0x80,0x00,0x00,0x00,0x00,0x00,0x00,0x00,0x0F,0x0F,0x00,0
             -x00,0x00,0x00,0x00,0x80,0xC1,0x7F,0x3E,0x00,0x00,0x00,0x00,0x00,0xC0,0xC0,
 177          0x00,0x00,0x01,0x01,0x01,0x03,0x02,0x06,0xFC,0xF0,0x00,0x00,0x00,0x00,0x03,0x07,0x04,0x08,0x08,0x08,0x08,0
             -x08,0x04,0x06,0x03,0x00,0x00,0x00,/*"3",19*/
 178          0x00,0x00,0x00,0x00,0x00,0x00,0x00,0x00,0x00,0xC0,0xC0,0x00,0x00,0x00,0x00,0x00,0x00,0x00,0x00,0x00,0x80,0
C51 COMPILER V9.54   CODETAB                                                               10/19/2021 17:57:21 PAGE 5   

             -x60,0x10,0x0C,0x03,0xFF,0xFF,0x00,0x00,0x00,0x00,0x00,0x00,0x30,0x2C,0x26,
 179          0x21,0x20,0x20,0x20,0x20,0xFF,0xFF,0x20,0x20,0x20,0x00,0x00,0x00,0x00,0x00,0x00,0x00,0x00,0x08,0x08,0x08,0
             -x0F,0x0F,0x08,0x08,0x08,0x00,0x00,/*"4",20*/
 180          0x00,0x00,0x00,0x00,0xC0,0xC0,0xC0,0xC0,0xC0,0xC0,0xC0,0xC0,0xC0,0xC0,0x00,0x00,0x00,0x00,0x00,0xFF,0x00,0
             -x80,0x40,0x40,0x40,0x40,0xC0,0x80,0x00,0x00,0x00,0x00,0x00,0x00,0xC0,0xC3,
 181          0x01,0x00,0x00,0x00,0x00,0x00,0x00,0x01,0xFF,0xFC,0x00,0x00,0x00,0x00,0x03,0x04,0x04,0x08,0x08,0x08,0x08,0
             -x08,0x04,0x07,0x03,0x00,0x00,0x00,/*"5",21*/
 182          0x00,0x00,0x00,0x00,0x00,0x80,0x80,0x40,0x40,0x40,0x40,0x80,0x80,0x00,0x00,0x00,0x00,0x00,0xE0,0xFC,0x07,0
             -x81,0xC0,0x40,0x40,0x40,0xC0,0x83,0x03,0x00,0x00,0x00,0x00,0x00,0x7F,0xFF,
 183          0x83,0x00,0x00,0x00,0x00,0x00,0x00,0x01,0xFF,0xFC,0x00,0x00,0x00,0x00,0x00,0x01,0x07,0x06,0x0C,0x08,0x08,0
             -x08,0x0C,0x06,0x03,0x00,0x00,0x00,/*"6",22*/
 184          0x00,0x00,0x00,0xC0,0xC0,0xC0,0xC0,0xC0,0xC0,0xC0,0xC0,0xC0,0xC0,0xC0,0x00,0x00,0x00,0x00,0x0E,0x03,0x00,0
             -x00,0x00,0x00,0x00,0xE0,0x18,0x06,0x01,0x00,0x00,0x00,0x00,0x00,0x00,0x00,
 185          0x00,0x00,0xC0,0xFC,0x03,0x00,0x00,0x00,0x00,0x00,0x00,0x00,0x00,0x00,0x00,0x00,0x00,0x00,0x0F,0x0F,0x00,0
             -x00,0x00,0x00,0x00,0x00,0x00,0x00,/*"7",23*/
 186          0x00,0x00,0x00,0x00,0x80,0xC0,0x40,0x40,0x40,0x40,0xC0,0x80,0x00,0x00,0x00,0x00,0x00,0x00,0x3E,0x7F,0xF1,0
             -xC0,0xC0,0x80,0x00,0x00,0x80,0x41,0x7F,0x1E,0x00,0x00,0x00,0xF0,0xFC,0x0E,
 187          0x02,0x01,0x01,0x01,0x03,0x07,0x0E,0x1E,0xFC,0xF0,0x00,0x00,0x00,0x01,0x03,0x06,0x04,0x08,0x08,0x08,0x08,0
             -x08,0x04,0x06,0x03,0x01,0x00,0x00,/*"8",24*/
 188          0x00,0x00,0x00,0x80,0x80,0x40,0x40,0x40,0x40,0x40,0x80,0x00,0x00,0x00,0x00,0x00,0x00,0xFC,0xFF,0x03,0x00,0
             -x00,0x00,0x00,0x00,0x00,0x00,0x03,0xFE,0xF8,0x00,0x00,0x00,0x01,0x03,0x07,
 189          0x0C,0x08,0x08,0x08,0x08,0x04,0x06,0xE1,0x7F,0x1F,0x00,0x00,0x00,0x00,0x07,0x07,0x08,0x08,0x08,0x08,0x0C,0
             -x06,0x03,0x01,0x00,0x00,0x00,0x00,/*"9",25*/
 190          0x00,0x00,0x00,0x00,0x00,0x00,0x00,0x00,0x00,0x00,0x00,0x00,0x00,0x00,0x00,0x00,0x00,0x00,0x00,0x00,0x00,0
             -x00,0xC0,0xE0,0xE0,0xC0,0x00,0x00,0x00,0x00,0x00,0x00,0x00,0x00,0x00,0x00,
 191          0x00,0x00,0x00,0x01,0x01,0x00,0x00,0x00,0x00,0x00,0x00,0x00,0x00,0x00,0x00,0x00,0x00,0x00,0x06,0x0F,0x0F,0
             -x06,0x00,0x00,0x00,0x00,0x00,0x00,/*":",26*/
 192          };
 193          /*火影木叶标志*/
 194          const unsigned char code huoying[]={
 195          0x00,0x00,0x00,0x00,0x00,0x00,0x00,0x00,0x00,0x00,0x00,0x00,0x00,0x00,0x00,0x00,0x00,0x00,0x00,0x00,0x00,0
             -x00,0x00,0x00,0x00,0x00,0x00,0x00,0x00,0x00,0x00,0x00,0x00,0x00,0x00,0x00,
 196          0x00,0x00,0x00,0x00,0x00,0x00,0x00,0x00,0x00,0x00,0x00,0x00,0x00,0x00,0x00,0x00,0x00,0x00,0x00,0xC0,0xC0,0
             -xC0,0x80,0x00,0x00,0x00,0x00,0x00,0x00,0x00,0x00,0x00,0x00,0x00,0x00,0x00,
 197          0x00,0x00,0x00,0x00,0x00,0x00,0x00,0x00,0x00,0x00,0x00,0x00,0x00,0x00,0x00,0x80,0x80,0xD0,0xE0,0xE0,0xF0,0
             -xF0,0xF0,0xF8,0xF8,0xF8,0xF8,0xF8,0xF8,0xF0,0xF0,0xF0,0xF0,0xE0,0xE0,0xC0,
 198          0x80,0xA0,0x00,0x00,0x00,0x00,0x80,0xE0,0xF8,0xFE,0xFF,0x7F,0x1F,0x0F,0x03,0x00,0x00,0x00,0x00,0x00,0x00,0
             -x00,0x00,0x00,0x00,0x00,0x00,0x00,0x00,0x00,0x00,0x00,0x00,0x00,0x00,0x00,
 199          0x00,0x00,0xC0,0xF0,0xF8,0xFC,0xFF,0x7F,0x9F,0x0F,0x07,0x03,0x03,0x01,0x01,0x01,0x01,0x01,0x01,0x01,0x01,0
             -x01,0x01,0x03,0x03,0x07,0x07,0x0F,0x1F,0xBF,0x7F,0xFE,0xFC,0xFF,0x7F,0x3F,
 200          0x0F,0x13,0x01,0x00,0x00,0x00,0x00,0x00,0x00,0x00,0x00,0x00,0x00,0x00,0x00,0x00,0x00,0x00,0x00,0x00,0x00,0
             -x00,0x00,0x00,0x00,0x00,0x00,0xC0,0xF8,0xFF,0xFF,0xFF,0x3F,0x07,0x01,0x00,
 201          0x00,0x00,0x00,0xC0,0xF0,0xF8,0xFC,0xFC,0x7E,0xBE,0x3E,0x3E,0xBE,0x7E,0x7E,0xFC,0xF8,0xF0,0xE0,0xC0,0x00,0
             -x00,0x00,0x00,0x00,0x00,0x01,0x00,0x00,0x00,0x00,0x00,0x00,0x00,0x00,0x00,
 202          0x00,0x00,0x00,0x00,0x00,0x00,0x00,0x00,0x00,0x00,0x00,0x00,0x00,0x00,0x00,0x80,0xE0,0xFC,0xFF,0xFF,0xFF,0
             -xFF,0xFF,0xFF,0x00,0x00,0x00,0x00,0x00,0x00,0x18,0xFF,0xFF,0xFF,0xFF,0xC0,
 203          0x80,0x00,0x00,0x00,0x00,0x80,0x00,0x01,0x07,0x3F,0xFF,0xFF,0xFF,0xF8,0x00,0x00,0x00,0x00,0x00,0x00,0x00,0
             -x00,0x00,0x00,0x00,0x00,0x00,0x00,0x00,0x00,0x00,0x00,0x00,0x00,0x00,0x00,
 204          0x00,0x00,0x00,0x00,0xC0,0xF0,0xFC,0xFF,0xFF,0x3F,0x47,0x01,0x07,0x3F,0xFF,0xFF,0xFF,0xF0,0xC0,0x00,0x00,0
             -x00,0x00,0x04,0x03,0x07,0x0F,0x1F,0x1F,0x3F,0x3F,0x3F,0x1F,0x1E,0x00,0x00,
 205          0x00,0xC0,0xFF,0xFF,0xFF,0xFF,0x00,0x00,0x00,0x00,0x00,0x00,0x00,0x00,0x00,0x00,0x00,0x00,0x00,0x00,0x00,0
             -x00,0x00,0x00,0x00,0x00,0x00,0x00,0x00,0xC0,0xF8,0xFE,0xFF,0xFF,0xFF,0xC7,
 206          0xC0,0xE0,0xE0,0xE0,0xE0,0xE0,0xE4,0xE3,0xEF,0xFF,0xFF,0xFF,0xFE,0xFC,0xF8,0xF4,0xF0,0xF0,0xE0,0xE0,0xE0,0
             -xE0,0xF0,0xF4,0xF0,0xF8,0xFC,0xFC,0xFF,0x7F,0x3F,0x0F,0x07,0x00,0x00,0x00,
 207          0x00,0x00,0x00,0x00,0x00,0x00,0x00,0x00,0x00,0x00,0x00,0x00,0x00,0x00,0x00,0x00,0x00,0x00,0x00,0x00,0x00,0
             -x03,0x03,0x03,0x03,0x03,0x03,0x03,0x03,0x03,0x03,0x03,0x03,0x03,0x03,0x03,
 208          0x03,0x03,0x03,0x03,0x03,0x03,0x03,0x03,0x03,0x03,0x03,0x03,0x03,0x03,0x03,0x03,0x03,0x01,0x01,0x00,0x00,0
             -x00,0x00,0x00,0x00,0x00,0x00,0x00,0x00,0x00,0x00,0x00,0x00,0x00,0x00,0x00,
 209          0x00,0x00,0x00,0x00,0x00,0x00,0x00,0x00,/*"C:\Users\dell\Desktop\123.bmp",0*/
 210          };
 211          
 212          
C51 COMPILER V9.54   CODETAB                                                               10/19/2021 17:57:21 PAGE 6   

 213          
 214          
 215          


MODULE INFORMATION:   STATIC OVERLAYABLE
   CODE SIZE        =   ----    ----
   CONSTANT SIZE    =   4528    ----
   XDATA SIZE       =   ----    ----
   PDATA SIZE       =   ----    ----
   DATA SIZE        =   ----    ----
   IDATA SIZE       =   ----    ----
   BIT SIZE         =   ----    ----
END OF MODULE INFORMATION.


C51 COMPILATION COMPLETE.  0 WARNING(S),  0 ERROR(S)
